{"name": "test_substitution_variable", "status": "passed", "steps": [{"name": "Запускаю драйвер и открываю страницу", "status": "passed", "start": 1766923261887, "stop": 1766923265033}, {"name": "Тестирование пары /secret_sauce", "status": "passed", "steps": [{"name": "Выполнение авторизации", "status": "passed", "steps": [{"name": "Выполнение авторизации с /secret_sauce", "status": "passed", "steps": [{"name": "Поиск поля username", "status": "passed", "steps": [{"name": "Ожидаю появления элементов на странице", "status": "passed", "start": 1766923265079, "stop": 1766923265088}], "start": 1766923265079, "stop": 1766923265088}, {"name": "Ввод username: ", "status": "passed", "start": 1766923265088, "stop": 1766923265145}, {"name": "Поиск поля password", "status": "passed", "steps": [{"name": "Ожидаю появления элементов на странице", "status": "passed", "start": 1766923265145, "stop": 1766923265152}], "start": 1766923265145, "stop": 1766923265152}, {"name": "Ввод password: secret_sauce", "status": "passed", "start": 1766923265152, "stop": 1766923265217}, {"name": "Поиск кнопки входа", "status": "passed", "steps": [{"name": "Ожидаю появления элементов на странице", "status": "passed", "start": 1766923265217, "stop": 1766923265225}], "start": 1766923265217, "stop": 1766923265225}, {"name": "Нажатие кнопки входа", "status": "passed", "start": 1766923265225, "stop": 1766923265272}], "start": 1766923265079, "stop": 1766923265272}], "start": 1766923265079, "stop": 1766923265272}, {"name": "Проверка наличия сообщения об ошибке", "status": "failed", "statusDetails": {"message": "AssertionError: Ошибка при проверке сообщения об ошибке: Неверное сообщение об ошибке.Ожидалось: Epic sadface: Password is required, получено: Epic sadface: Username is required\n", "trace": "  File \"C:\\Users\\USER\\PycharmProjects\\PythonProject\\PythonProject6\\tests\\test_4_2.py\", line 144, in test_substitution_variable\n    self.fail(f\"Ошибка при проверке сообщения об ошибке: {str(e)}\")\n  File \"C:\\Users\\USER\\AppData\\Local\\Programs\\Python\\Python310\\lib\\unittest\\case.py\", line 675, in fail\n    raise self.failureException(msg)\n"}, "attachments": [{"name": "Неудачная попытка найти сообщение об ошибке", "source": "5b2c2eff-f082-4040-b355-adcfad159a0a-attachment.txt", "type": "text/plain"}], "start": 1766923265272, "stop": 1766923265301}], "attachments": [{"name": "Критическая ошибка в тесте", "source": "e20ef2fd-8927-4623-a89a-becfafa10976-attachment.txt", "type": "text/plain"}, {"name": "Неудачное тестирование", "source": "3eda1766-97b7-45a3-82b9-b57f7b70631b-attachment.txt", "type": "text/plain"}], "start": 1766923265033, "stop": 1766923265343}, {"name": "Тестирование пары      /secret_sauce", "status": "passed", "steps": [{"name": "Выполнение авторизации", "status": "passed", "steps": [{"name": "Выполнение авторизации с      /secret_sauce", "status": "passed", "steps": [{"name": "Поиск поля username", "status": "passed", "steps": [{"name": "Ожидаю появления элементов на странице", "status": "passed", "start": 1766923265393, "stop": 1766923265400}], "start": 1766923265393, "stop": 1766923265400}, {"name": "Ввод username:      ", "status": "passed", "start": 1766923265400, "stop": 1766923265445}, {"name": "Поиск поля password", "status": "passed", "steps": [{"name": "Ожидаю появления элементов на странице", "status": "passed", "start": 1766923265445, "stop": 1766923265449}], "start": 1766923265445, "stop": 1766923265449}, {"name": "Ввод password: secret_sauce", "status": "passed", "start": 1766923265449, "stop": 1766923265513}, {"name": "Поиск кнопки входа", "status": "passed", "steps": [{"name": "Ожидаю появления элементов на странице", "status": "passed", "start": 1766923265513, "stop": 1766923265518}], "start": 1766923265513, "stop": 1766923265518}, {"name": "Нажатие кнопки входа", "status": "passed", "start": 1766923265518, "stop": 1766923265555}], "start": 1766923265393, "stop": 1766923265555}], "start": 1766923265393, "stop": 1766923265555}, {"name": "Проверка наличия сообщения об ошибке", "status": "failed", "statusDetails": {"message": "AssertionError: Ошибка при проверке сообщения об ошибке: Неверное сообщение об ошибке.Ожидалось: Epic sadface: Password is required, получено: Epic sadface: Username and password do not match any user in this service\n", "trace": "  File \"C:\\Users\\USER\\PycharmProjects\\PythonProject\\PythonProject6\\tests\\test_4_2.py\", line 144, in test_substitution_variable\n    self.fail(f\"Ошибка при проверке сообщения об ошибке: {str(e)}\")\n  File \"C:\\Users\\USER\\AppData\\Local\\Programs\\Python\\Python310\\lib\\unittest\\case.py\", line 675, in fail\n    raise self.failureException(msg)\n"}, "attachments": [{"name": "Неудачная попытка найти сообщение об ошибке", "source": "a6345b6c-8ae1-4fdb-9ca3-08e8d2a316ef-attachment.txt", "type": "text/plain"}], "start": 1766923265555, "stop": 1766923265574}], "attachments": [{"name": "Критическая ошибка в тесте", "source": "31b19393-fd3b-405e-b0a5-ec758979397b-attachment.txt", "type": "text/plain"}, {"name": "Неудачное тестирование", "source": "5d7a1d90-dffc-451d-9115-8f6f5c151342-attachment.txt", "type": "text/plain"}], "start": 1766923265344, "stop": 1766923266196}, {"name": "Тестирование пары             /secret_sauce", "status": "passed", "steps": [{"name": "Выполнение авторизации", "status": "passed", "steps": [{"name": "Выполнение авторизации с             /secret_sauce", "status": "passed", "steps": [{"name": "Поиск поля username", "status": "passed", "steps": [{"name": "Ожидаю появления элементов на странице", "status": "passed", "start": 1766923266243, "stop": 1766923266250}], "start": 1766923266243, "stop": 1766923266250}, {"name": "Ввод username:             ", "status": "passed", "start": 1766923266250, "stop": 1766923266295}, {"name": "Поиск поля password", "status": "passed", "steps": [{"name": "Ожидаю появления элементов на странице", "status": "passed", "start": 1766923266295, "stop": 1766923266300}], "start": 1766923266295, "stop": 1766923266300}, {"name": "Ввод password: secret_sauce", "status": "passed", "start": 1766923266300, "stop": 1766923266349}, {"name": "Поиск кнопки входа", "status": "passed", "steps": [{"name": "Ожидаю появления элементов на странице", "status": "passed", "start": 1766923266349, "stop": 1766923266354}], "start": 1766923266349, "stop": 1766923266354}, {"name": "Нажатие кнопки входа", "status": "passed", "start": 1766923266354, "stop": 1766923266390}], "start": 1766923266243, "stop": 1766923266390}], "start": 1766923266243, "stop": 1766923266390}, {"name": "Проверка наличия сообщения об ошибке", "status": "failed", "statusDetails": {"message": "AssertionError: Ошибка при проверке сообщения об ошибке: Неверное сообщение об ошибке.Ожидалось: Epic sadface: Password is required, получено: Epic sadface: Username and password do not match any user in this service\n", "trace": "  File \"C:\\Users\\USER\\PycharmProjects\\PythonProject\\PythonProject6\\tests\\test_4_2.py\", line 144, in test_substitution_variable\n    self.fail(f\"Ошибка при проверке сообщения об ошибке: {str(e)}\")\n  File \"C:\\Users\\USER\\AppData\\Local\\Programs\\Python\\Python310\\lib\\unittest\\case.py\", line 675, in fail\n    raise self.failureException(msg)\n"}, "attachments": [{"name": "Неудачная попытка найти сообщение об ошибке", "source": "256b7a1a-d72b-42b6-aa5c-8fa9f4aeed4b-attachment.txt", "type": "text/plain"}], "start": 1766923266390, "stop": 1766923266407}], "attachments": [{"name": "Критическая ошибка в тесте", "source": "f1304d31-4cad-4f99-b0f4-763aab3403a0-attachment.txt", "type": "text/plain"}, {"name": "Неудачное тестирование", "source": "8a023cac-98fe-44c2-a286-5f0b54f2eb4a-attachment.txt", "type": "text/plain"}], "start": 1766923266196, "stop": 1766923266448}, {"name": "Закрываю страницу после каждого теста", "status": "passed", "start": 1766923266448, "stop": 1766923268605}], "attachments": [{"name": "stdout", "source": "0669461f-96ef-410a-8c59-b3faccc7ff5e-attachment.txt", "type": "text/plain"}], "start": 1766923261887, "stop": 1766923268605, "uuid": "f69e737c-30e4-4062-9643-8aa558e09e13", "historyId": "a289894495603e2229a7687ecf9c3b83", "testCaseId": "a289894495603e2229a7687ecf9c3b83", "fullName": "test_4_2.TestAuthorization#test_substitution_variable", "labels": [{"name": "suite", "value": "test_4_2"}, {"name": "subSuite", "value": "TestAuthorization"}, {"name": "host", "value": "AG24091"}, {"name": "thread", "value": "1752-MainThread"}, {"name": "framework", "value": "pytest"}, {"name": "language", "value": "cpython3"}, {"name": "package", "value": "test_4_2"}], "links": [{"type": "tms", "url": "None", "name": "Тест- попытка авторизации с логином содержащим пустые поля и верным паролем"}], "titlePath": ["test_4_2.py", "TestAuthorization"]}