{"name": "test_substitution_variable", "status": "passed", "steps": [{"name": "Запускаю драйвер и открываю страницу", "status": "passed", "start": 1766923450734, "stop": 1766923453883}, {"name": "Тестирование пары /secret_sauce", "status": "passed", "steps": [{"name": "Выполнение авторизации", "status": "passed", "steps": [{"name": "Выполнение авторизации с /secret_sauce", "status": "passed", "steps": [{"name": "Поиск поля username", "status": "passed", "steps": [{"name": "Ожидаю появления элементов на странице", "status": "passed", "start": 1766923454142, "stop": 1766923454156}], "start": 1766923454142, "stop": 1766923454156}, {"name": "Ввод username: ", "status": "passed", "start": 1766923454156, "stop": 1766923454221}, {"name": "Поиск поля password", "status": "passed", "steps": [{"name": "Ожидаю появления элементов на странице", "status": "passed", "start": 1766923454221, "stop": 1766923454228}], "start": 1766923454221, "stop": 1766923454229}, {"name": "Ввод password: secret_sauce", "status": "passed", "start": 1766923454229, "stop": 1766923454273}, {"name": "Поиск кнопки входа", "status": "passed", "steps": [{"name": "Ожидаю появления элементов на странице", "status": "passed", "start": 1766923454273, "stop": 1766923454280}], "start": 1766923454273, "stop": 1766923454280}, {"name": "Нажатие кнопки входа", "status": "passed", "start": 1766923454280, "stop": 1766923454325}], "start": 1766923454142, "stop": 1766923454325}], "start": 1766923454142, "stop": 1766923454325}, {"name": "Проверка наличия сообщения об ошибке", "status": "failed", "statusDetails": {"message": "AssertionError: Ошибка при проверке сообщения об ошибке: Неверное сообщение об ошибке.Ожидалось: Epic sadface: Password is required, получено: Epic sadface: Username is required\n", "trace": "  File \"C:\\Users\\USER\\PycharmProjects\\PythonProject\\PythonProject6\\tests\\test_4_2.py\", line 144, in test_substitution_variable\n    self.fail(f\"Ошибка при проверке сообщения об ошибке: {str(e)}\")\n  File \"C:\\Users\\USER\\AppData\\Local\\Programs\\Python\\Python310\\lib\\unittest\\case.py\", line 675, in fail\n    raise self.failureException(msg)\n"}, "attachments": [{"name": "Неудачная попытка найти сообщение об ошибке", "source": "4ce6d50f-e019-4ac3-afc4-9f9b6791afdd-attachment.txt", "type": "text/plain"}], "start": 1766923454325, "stop": 1766923454353}], "attachments": [{"name": "Критическая ошибка в тесте", "source": "a0ea7cf1-cdbb-4f45-b8d4-e28f54423bd8-attachment.txt", "type": "text/plain"}, {"name": "Неудачное тестирование", "source": "bbd458a2-a92e-411b-bbb2-f7cef8d71e52-attachment.txt", "type": "text/plain"}], "start": 1766923453884, "stop": 1766923454396}, {"name": "Тестирование пары      /secret_sauce", "status": "passed", "steps": [{"name": "Выполнение авторизации", "status": "passed", "steps": [{"name": "Выполнение авторизации с      /secret_sauce", "status": "passed", "steps": [{"name": "Поиск поля username", "status": "passed", "steps": [{"name": "Ожидаю появления элементов на странице", "status": "passed", "start": 1766923454436, "stop": 1766923454442}], "start": 1766923454436, "stop": 1766923454442}, {"name": "Ввод username:      ", "status": "passed", "start": 1766923454442, "stop": 1766923454484}, {"name": "Поиск поля password", "status": "passed", "steps": [{"name": "Ожидаю появления элементов на странице", "status": "passed", "start": 1766923454484, "stop": 1766923454488}], "start": 1766923454484, "stop": 1766923454488}, {"name": "Ввод password: secret_sauce", "status": "passed", "start": 1766923454488, "stop": 1766923454536}, {"name": "Поиск кнопки входа", "status": "passed", "steps": [{"name": "Ожидаю появления элементов на странице", "status": "passed", "start": 1766923454536, "stop": 1766923454541}], "start": 1766923454536, "stop": 1766923454541}, {"name": "Нажатие кнопки входа", "status": "passed", "start": 1766923454541, "stop": 1766923454577}], "start": 1766923454436, "stop": 1766923454577}], "start": 1766923454436, "stop": 1766923454577}, {"name": "Проверка наличия сообщения об ошибке", "status": "failed", "statusDetails": {"message": "AssertionError: Ошибка при проверке сообщения об ошибке: Неверное сообщение об ошибке.Ожидалось: Epic sadface: Password is required, получено: Epic sadface: Username and password do not match any user in this service\n", "trace": "  File \"C:\\Users\\USER\\PycharmProjects\\PythonProject\\PythonProject6\\tests\\test_4_2.py\", line 144, in test_substitution_variable\n    self.fail(f\"Ошибка при проверке сообщения об ошибке: {str(e)}\")\n  File \"C:\\Users\\USER\\AppData\\Local\\Programs\\Python\\Python310\\lib\\unittest\\case.py\", line 675, in fail\n    raise self.failureException(msg)\n"}, "attachments": [{"name": "Неудачная попытка найти сообщение об ошибке", "source": "4d9a5d39-fbab-47f6-8e66-74e119ea229d-attachment.txt", "type": "text/plain"}], "start": 1766923454577, "stop": 1766923454595}], "attachments": [{"name": "Критическая ошибка в тесте", "source": "23b727a4-0d64-4fd1-8c9b-d939dea3ef71-attachment.txt", "type": "text/plain"}, {"name": "Неудачное тестирование", "source": "1d2a4d7b-a165-473c-a1f9-da8dddd07c2f-attachment.txt", "type": "text/plain"}], "start": 1766923454396, "stop": 1766923454643}, {"name": "Тестирование пары             /secret_sauce", "status": "passed", "steps": [{"name": "Выполнение авторизации", "status": "passed", "steps": [{"name": "Выполнение авторизации с             /secret_sauce", "status": "passed", "steps": [{"name": "Поиск поля username", "status": "passed", "steps": [{"name": "Ожидаю появления элементов на странице", "status": "passed", "start": 1766923454692, "stop": 1766923454699}], "start": 1766923454692, "stop": 1766923454699}, {"name": "Ввод username:             ", "status": "passed", "start": 1766923454699, "stop": 1766923454746}, {"name": "Поиск поля password", "status": "passed", "steps": [{"name": "Ожидаю появления элементов на странице", "status": "passed", "start": 1766923454746, "stop": 1766923454750}], "start": 1766923454746, "stop": 1766923454750}, {"name": "Ввод password: secret_sauce", "status": "passed", "start": 1766923454750, "stop": 1766923454790}, {"name": "Поиск кнопки входа", "status": "passed", "steps": [{"name": "Ожидаю появления элементов на странице", "status": "passed", "start": 1766923454790, "stop": 1766923454794}], "start": 1766923454790, "stop": 1766923454794}, {"name": "Нажатие кнопки входа", "status": "passed", "start": 1766923454794, "stop": 1766923454827}], "start": 1766923454692, "stop": 1766923454827}], "start": 1766923454692, "stop": 1766923454827}, {"name": "Проверка наличия сообщения об ошибке", "status": "failed", "statusDetails": {"message": "AssertionError: Ошибка при проверке сообщения об ошибке: Неверное сообщение об ошибке.Ожидалось: Epic sadface: Password is required, получено: Epic sadface: Username and password do not match any user in this service\n", "trace": "  File \"C:\\Users\\USER\\PycharmProjects\\PythonProject\\PythonProject6\\tests\\test_4_2.py\", line 144, in test_substitution_variable\n    self.fail(f\"Ошибка при проверке сообщения об ошибке: {str(e)}\")\n  File \"C:\\Users\\USER\\AppData\\Local\\Programs\\Python\\Python310\\lib\\unittest\\case.py\", line 675, in fail\n    raise self.failureException(msg)\n"}, "attachments": [{"name": "Неудачная попытка найти сообщение об ошибке", "source": "1d20082c-d050-4f30-9349-f3b66c1a0368-attachment.txt", "type": "text/plain"}], "start": 1766923454827, "stop": 1766923454841}], "attachments": [{"name": "Критическая ошибка в тесте", "source": "d53c6260-8164-4478-85ce-db41e133791c-attachment.txt", "type": "text/plain"}, {"name": "Неудачное тестирование", "source": "3eb6a300-e417-43e8-98ac-57c8c2c101d3-attachment.txt", "type": "text/plain"}], "start": 1766923454644, "stop": 1766923454880}, {"name": "Закрываю страницу после каждого теста", "status": "passed", "start": 1766923454880, "stop": 1766923457063}], "attachments": [{"name": "stdout", "source": "fc3abe1c-5b22-42c6-891d-8cba76329345-attachment.txt", "type": "text/plain"}], "start": 1766923450734, "stop": 1766923457063, "uuid": "707f3e90-31b0-4af0-8edd-436b1757c582", "historyId": "a289894495603e2229a7687ecf9c3b83", "testCaseId": "a289894495603e2229a7687ecf9c3b83", "fullName": "test_4_2.TestAuthorization#test_substitution_variable", "labels": [{"name": "suite", "value": "test_4_2"}, {"name": "subSuite", "value": "TestAuthorization"}, {"name": "host", "value": "AG24091"}, {"name": "thread", "value": "11208-MainThread"}, {"name": "framework", "value": "pytest"}, {"name": "language", "value": "cpython3"}, {"name": "package", "value": "test_4_2"}], "links": [{"type": "tms", "url": "None", "name": "Тест- попытка авторизации с логином содержащим пустые поля и верным паролем"}], "titlePath": ["test_4_2.py", "TestAuthorization"]}