{"name": "test_substitution_variable", "status": "passed", "steps": [{"name": "Запускаю драйвер и открываю страницу", "status": "passed", "start": 1766922777536, "stop": 1766922780705}, {"name": "Тестирование пары /secret_sauce", "status": "passed", "steps": [{"name": "Выполнение авторизации", "status": "passed", "steps": [{"name": "Выполнение авторизации с /secret_sauce", "status": "passed", "steps": [{"name": "Поиск поля username", "status": "passed", "steps": [{"name": "Ожидаю появления элементов на странице", "status": "passed", "start": 1766922780758, "stop": 1766922780766}], "start": 1766922780758, "stop": 1766922780766}, {"name": "Ввод username: ", "status": "passed", "start": 1766922780766, "stop": 1766922780820}, {"name": "Поиск поля password", "status": "passed", "steps": [{"name": "Ожидаю появления элементов на странице", "status": "passed", "start": 1766922780820, "stop": 1766922780827}], "start": 1766922780820, "stop": 1766922780827}, {"name": "Ввод password: secret_sauce", "status": "passed", "start": 1766922780827, "stop": 1766922780878}, {"name": "Поиск кнопки входа", "status": "passed", "steps": [{"name": "Ожидаю появления элементов на странице", "status": "passed", "start": 1766922780878, "stop": 1766922780891}], "start": 1766922780878, "stop": 1766922780891}, {"name": "Нажатие кнопки входа", "status": "passed", "start": 1766922780891, "stop": 1766922780940}], "start": 1766922780758, "stop": 1766922780940}], "start": 1766922780758, "stop": 1766922780940}, {"name": "Проверка наличия сообщения об ошибке", "status": "failed", "statusDetails": {"message": "AssertionError: Ошибка при проверке сообщения об ошибке: Неверное сообщение об ошибке.Ожидалось: Epic sadface: Password is required, получено: Epic sadface: Username is required\n", "trace": "  File \"C:\\Users\\USER\\PycharmProjects\\PythonProject\\PythonProject6\\tests\\test_4_2.py\", line 144, in test_substitution_variable\n    self.fail(f\"Ошибка при проверке сообщения об ошибке: {str(e)}\")\n  File \"C:\\Users\\USER\\AppData\\Local\\Programs\\Python\\Python310\\lib\\unittest\\case.py\", line 675, in fail\n    raise self.failureException(msg)\n"}, "attachments": [{"name": "Неудачная попытка найти сообщение об ошибке", "source": "10655632-4785-4060-b25c-06831e13dc94-attachment.txt", "type": "text/plain"}], "start": 1766922780940, "stop": 1766922780966}], "start": 1766922780706, "stop": 1766922781021}, {"name": "Тестирование пары      /secret_sauce", "status": "passed", "steps": [{"name": "Выполнение авторизации", "status": "passed", "steps": [{"name": "Выполнение авторизации с      /secret_sauce", "status": "passed", "steps": [{"name": "Поиск поля username", "status": "passed", "steps": [{"name": "Ожидаю появления элементов на странице", "status": "passed", "start": 1766922783143, "stop": 1766922783152}], "start": 1766922783143, "stop": 1766922783152}, {"name": "Ввод username:      ", "status": "passed", "start": 1766922783152, "stop": 1766922783193}, {"name": "Поиск поля password", "status": "passed", "steps": [{"name": "Ожидаю появления элементов на странице", "status": "passed", "start": 1766922783193, "stop": 1766922783197}], "start": 1766922783193, "stop": 1766922783197}, {"name": "Ввод password: secret_sauce", "status": "passed", "start": 1766922783197, "stop": 1766922783244}, {"name": "Поиск кнопки входа", "status": "passed", "steps": [{"name": "Ожидаю появления элементов на странице", "status": "passed", "start": 1766922783244, "stop": 1766922783248}], "start": 1766922783244, "stop": 1766922783248}, {"name": "Нажатие кнопки входа", "status": "passed", "start": 1766922783248, "stop": 1766922783284}], "start": 1766922783143, "stop": 1766922783284}], "start": 1766922783143, "stop": 1766922783284}, {"name": "Проверка наличия сообщения об ошибке", "status": "failed", "statusDetails": {"message": "AssertionError: Ошибка при проверке сообщения об ошибке: Неверное сообщение об ошибке.Ожидалось: Epic sadface: Password is required, получено: Epic sadface: Username and password do not match any user in this service\n", "trace": "  File \"C:\\Users\\USER\\PycharmProjects\\PythonProject\\PythonProject6\\tests\\test_4_2.py\", line 144, in test_substitution_variable\n    self.fail(f\"Ошибка при проверке сообщения об ошибке: {str(e)}\")\n  File \"C:\\Users\\USER\\AppData\\Local\\Programs\\Python\\Python310\\lib\\unittest\\case.py\", line 675, in fail\n    raise self.failureException(msg)\n"}, "attachments": [{"name": "Неудачная попытка найти сообщение об ошибке", "source": "2678184f-9faa-48fa-a44d-a68083437dfa-attachment.txt", "type": "text/plain"}], "start": 1766922783284, "stop": 1766922783302}], "start": 1766922781441, "stop": 1766922783341}, {"name": "Тестирование пары             /secret_sauce", "status": "passed", "steps": [{"name": "Выполнение авторизации", "status": "passed", "steps": [{"name": "Выполнение авторизации с             /secret_sauce", "status": "passed", "steps": [{"name": "Поиск поля username", "status": "passed", "steps": [{"name": "Ожидаю появления элементов на странице", "status": "passed", "start": 1766922783382, "stop": 1766922783389}], "start": 1766922783382, "stop": 1766922783389}, {"name": "Ввод username:             ", "status": "passed", "start": 1766922783389, "stop": 1766922783436}, {"name": "Поиск поля password", "status": "passed", "steps": [{"name": "Ожидаю появления элементов на странице", "status": "passed", "start": 1766922783436, "stop": 1766922783440}], "start": 1766922783436, "stop": 1766922783440}, {"name": "Ввод password: secret_sauce", "status": "passed", "start": 1766922783440, "stop": 1766922783484}, {"name": "Поиск кнопки входа", "status": "passed", "steps": [{"name": "Ожидаю появления элементов на странице", "status": "passed", "start": 1766922783484, "stop": 1766922783488}], "start": 1766922783484, "stop": 1766922783488}, {"name": "Нажатие кнопки входа", "status": "passed", "start": 1766922783488, "stop": 1766922783521}], "start": 1766922783382, "stop": 1766922783521}], "start": 1766922783382, "stop": 1766922783521}, {"name": "Проверка наличия сообщения об ошибке", "status": "failed", "statusDetails": {"message": "AssertionError: Ошибка при проверке сообщения об ошибке: Неверное сообщение об ошибке.Ожидалось: Epic sadface: Password is required, получено: Epic sadface: Username and password do not match any user in this service\n", "trace": "  File \"C:\\Users\\USER\\PycharmProjects\\PythonProject\\PythonProject6\\tests\\test_4_2.py\", line 144, in test_substitution_variable\n    self.fail(f\"Ошибка при проверке сообщения об ошибке: {str(e)}\")\n  File \"C:\\Users\\USER\\AppData\\Local\\Programs\\Python\\Python310\\lib\\unittest\\case.py\", line 675, in fail\n    raise self.failureException(msg)\n"}, "attachments": [{"name": "Неудачная попытка найти сообщение об ошибке", "source": "fd09815f-79a5-4515-86a1-5699a251e30f-attachment.txt", "type": "text/plain"}], "start": 1766922783521, "stop": 1766922783538}], "start": 1766922783341, "stop": 1766922783574}, {"name": "Закрываю страницу после каждого теста", "status": "passed", "start": 1766922783574, "stop": 1766922785736}], "attachments": [{"name": "stdout", "source": "22966516-1f1e-48e4-afd8-bf75ab58737e-attachment.txt", "type": "text/plain"}], "start": 1766922777536, "stop": 1766922785736, "uuid": "3c6fd685-0ea6-43cb-a8df-dd3091559e21", "historyId": "a289894495603e2229a7687ecf9c3b83", "testCaseId": "a289894495603e2229a7687ecf9c3b83", "fullName": "test_4_2.TestAuthorization#test_substitution_variable", "labels": [{"name": "suite", "value": "test_4_2"}, {"name": "subSuite", "value": "TestAuthorization"}, {"name": "host", "value": "AG24091"}, {"name": "thread", "value": "3564-MainThread"}, {"name": "framework", "value": "pytest"}, {"name": "language", "value": "cpython3"}, {"name": "package", "value": "test_4_2"}], "links": [{"type": "tms", "url": "None", "name": "Тест- попытка авторизации с логином содержащим пустые поля и верным паролем"}], "titlePath": ["test_4_2.py", "TestAuthorization"]}