{"name": "test_substitution_variable", "status": "passed", "steps": [{"name": "Запускаю драйвер и открываю страницу", "status": "passed", "start": 1766979873877, "stop": 1766979876799}, {"name": "Тестирование пары /secret_sauce", "status": "passed", "steps": [{"name": "Выполнение авторизации", "status": "passed", "steps": [{"name": "Выполнение авторизации с /secret_sauce", "status": "passed", "steps": [{"name": "Поиск поля username", "status": "passed", "steps": [{"name": "Ожидаю появления элементов на странице", "status": "passed", "start": 1766979877385, "stop": 1766979877398}], "start": 1766979877385, "stop": 1766979877398}, {"name": "Ввод username: ", "status": "passed", "start": 1766979877398, "stop": 1766979877460}, {"name": "Поиск поля password", "status": "passed", "steps": [{"name": "Ожидаю появления элементов на странице", "status": "passed", "start": 1766979877460, "stop": 1766979877467}], "start": 1766979877460, "stop": 1766979877467}, {"name": "Ввод password: secret_sauce", "status": "passed", "start": 1766979877468, "stop": 1766979877526}, {"name": "Поиск кнопки входа", "status": "passed", "steps": [{"name": "Ожидаю появления элементов на странице", "status": "passed", "start": 1766979877526, "stop": 1766979877533}], "start": 1766979877526, "stop": 1766979877533}, {"name": "Нажатие кнопки входа", "status": "passed", "start": 1766979877533, "stop": 1766979877587}], "start": 1766979877385, "stop": 1766979877587}], "start": 1766979877385, "stop": 1766979877587}, {"name": "Проверка наличия сообщения об ошибке", "status": "passed", "start": 1766979877587, "stop": 1766979877615}, {"name": "Создаю данные для проверки URL  и проверяю что пользователь с  пустым логином остался на странице авторизации", "status": "passed", "attachments": [{"name": "Успех! Пользователь с пустым логином и актуальным паролем остался на странице авторизации!", "source": "f8e22a26-d6d0-409c-a326-1de8d56a3c92-attachment.txt", "type": "text/plain"}, {"name": "Скриншот успеха! Пользователь с пустым логином и актуальным паролем остался на странице авторизации!", "source": "fe323a07-4dfe-4f0c-9e48-fdc998e4b95d-attachment.png", "type": "image/png"}], "start": 1766979877615, "stop": 1766979877861}], "start": 1766979876799, "stop": 1766979877861}, {"name": "Тестирование пары      /secret_sauce", "status": "passed", "steps": [{"name": "Выполнение авторизации", "status": "passed", "steps": [{"name": "Выполнение авторизации с      /secret_sauce", "status": "passed", "steps": [{"name": "Поиск поля username", "status": "passed", "steps": [{"name": "Ожидаю появления элементов на странице", "status": "passed", "start": 1766979877995, "stop": 1766979878004}], "start": 1766979877995, "stop": 1766979878004}, {"name": "Ввод username:      ", "status": "passed", "start": 1766979878004, "stop": 1766979878067}, {"name": "Поиск поля password", "status": "passed", "steps": [{"name": "Ожидаю появления элементов на странице", "status": "passed", "start": 1766979878067, "stop": 1766979878074}], "start": 1766979878067, "stop": 1766979878074}, {"name": "Ввод password: secret_sauce", "status": "passed", "start": 1766979878074, "stop": 1766979878121}, {"name": "Поиск кнопки входа", "status": "passed", "steps": [{"name": "Ожидаю появления элементов на странице", "status": "passed", "start": 1766979878121, "stop": 1766979878128}], "start": 1766979878121, "stop": 1766979878128}, {"name": "Нажатие кнопки входа", "status": "passed", "start": 1766979878128, "stop": 1766979878186}], "start": 1766979877995, "stop": 1766979878186}], "start": 1766979877995, "stop": 1766979878186}, {"name": "Проверка наличия сообщения об ошибке", "status": "failed", "statusDetails": {"message": "AssertionError: Ошибка при проверке сообщения об ошибке: Неверное сообщение об ошибке.Ожидалось: Epic sadface: Username is required, получено: Epic sadface: Username and password do not match any user in this service\n", "trace": "  File \"C:\\Users\\USER\\PycharmProjects\\PythonProject\\PythonProject6\\tests\\test_4_2.py\", line 140, in test_substitution_variable\n    self.fail(f\"Ошибка при проверке сообщения об ошибке: {str(e)}\")\n  File \"C:\\Users\\USER\\AppData\\Local\\Programs\\Python\\Python310\\lib\\unittest\\case.py\", line 675, in fail\n    raise self.failureException(msg)\n"}, "attachments": [{"name": "Неудачная попытка найти сообщение об ошибке", "source": "000240d3-84d7-4b5c-9c86-38c88befa387-attachment.txt", "type": "text/plain"}], "start": 1766979878186, "stop": 1766979878213}], "attachments": [{"name": "Критическая ошибка в тесте", "source": "12db6163-8069-4cd5-a92b-7e9a9374d3e4-attachment.txt", "type": "text/plain"}, {"name": "Неудачное тестирование", "source": "3a3bc964-52f7-48b7-9308-3de796398d0a-attachment.txt", "type": "text/plain"}], "start": 1766979877861, "stop": 1766979878262}, {"name": "Тестирование пары             /secret_sauce", "status": "passed", "steps": [{"name": "Выполнение авторизации", "status": "passed", "steps": [{"name": "Выполнение авторизации с             /secret_sauce", "status": "passed", "steps": [{"name": "Поиск поля username", "status": "passed", "steps": [{"name": "Ожидаю появления элементов на странице", "status": "passed", "start": 1766979878308, "stop": 1766979878315}], "start": 1766979878308, "stop": 1766979878315}, {"name": "Ввод username:             ", "status": "passed", "start": 1766979878315, "stop": 1766979878363}, {"name": "Поиск поля password", "status": "passed", "steps": [{"name": "Ожидаю появления элементов на странице", "status": "passed", "start": 1766979878364, "stop": 1766979878367}], "start": 1766979878363, "stop": 1766979878367}, {"name": "Ввод password: secret_sauce", "status": "passed", "start": 1766979878367, "stop": 1766979878410}, {"name": "Поиск кнопки входа", "status": "passed", "steps": [{"name": "Ожидаю появления элементов на странице", "status": "passed", "start": 1766979878410, "stop": 1766979878414}], "start": 1766979878410, "stop": 1766979878415}, {"name": "Нажатие кнопки входа", "status": "passed", "start": 1766979878415, "stop": 1766979878452}], "start": 1766979878308, "stop": 1766979878452}], "start": 1766979878308, "stop": 1766979878452}, {"name": "Проверка наличия сообщения об ошибке", "status": "failed", "statusDetails": {"message": "AssertionError: Ошибка при проверке сообщения об ошибке: Неверное сообщение об ошибке.Ожидалось: Epic sadface: Username is required, получено: Epic sadface: Username and password do not match any user in this service\n", "trace": "  File \"C:\\Users\\USER\\PycharmProjects\\PythonProject\\PythonProject6\\tests\\test_4_2.py\", line 140, in test_substitution_variable\n    self.fail(f\"Ошибка при проверке сообщения об ошибке: {str(e)}\")\n  File \"C:\\Users\\USER\\AppData\\Local\\Programs\\Python\\Python310\\lib\\unittest\\case.py\", line 675, in fail\n    raise self.failureException(msg)\n"}, "attachments": [{"name": "Неудачная попытка найти сообщение об ошибке", "source": "a768dfbf-c874-497b-a792-f53e28754ca6-attachment.txt", "type": "text/plain"}], "start": 1766979878452, "stop": 1766979878469}], "attachments": [{"name": "Критическая ошибка в тесте", "source": "f9ebe4bd-436e-4e26-88d2-7c4fe6a1530b-attachment.txt", "type": "text/plain"}, {"name": "Неудачное тестирование", "source": "4c64d2a6-64ff-48e2-883d-c55b2290b213-attachment.txt", "type": "text/plain"}], "start": 1766979878262, "stop": 1766979878519}, {"name": "Закрываю страницу после каждого теста", "status": "passed", "start": 1766979878519, "stop": 1766979880741}], "attachments": [{"name": "stdout", "source": "20e15ddd-057d-4194-8275-a269a962f541-attachment.txt", "type": "text/plain"}], "start": 1766979873877, "stop": 1766979880741, "uuid": "f0a82a53-ef59-49d8-9e6f-aa7a28d9a35d", "historyId": "4bba1d0374d67e8ce20a9009744bd0aa", "testCaseId": "4bba1d0374d67e8ce20a9009744bd0aa", "fullName": "tests.test_4_2.TestAuthorization#test_substitution_variable", "labels": [{"name": "parentSuite", "value": "tests"}, {"name": "suite", "value": "test_4_2"}, {"name": "subSuite", "value": "TestAuthorization"}, {"name": "host", "value": "AG24091"}, {"name": "thread", "value": "1280-MainThread"}, {"name": "framework", "value": "pytest"}, {"name": "language", "value": "cpython3"}, {"name": "package", "value": "tests.test_4_2"}], "links": [{"type": "tms", "url": "None", "name": "Тест- попытка авторизации с логином содержащим пустые поля и верным паролем"}], "titlePath": ["tests", "test_4_2.py", "TestAuthorization"]}