{"name": "test_substitution_variable", "status": "passed", "steps": [{"name": "Запускаю драйвер и открываю страницу", "status": "passed", "start": 1766987139248, "stop": 1766987142406}, {"name": "Тестирование пары /secret_sauce", "status": "passed", "steps": [{"name": "Выполнение авторизации", "status": "passed", "steps": [{"name": "Выполнение авторизации с /secret_sauce", "status": "passed", "steps": [{"name": "Поиск поля username", "status": "passed", "steps": [{"name": "Ожидаю появления элементов на странице", "status": "passed", "start": 1766987142467, "stop": 1766987142478}], "start": 1766987142467, "stop": 1766987142478}, {"name": "Ввод username: ", "status": "passed", "start": 1766987142478, "stop": 1766987142533}, {"name": "Поиск поля password", "status": "passed", "steps": [{"name": "Ожидаю появления элементов на странице", "status": "passed", "start": 1766987142534, "stop": 1766987142541}], "start": 1766987142534, "stop": 1766987142541}, {"name": "Ввод password: secret_sauce", "status": "passed", "start": 1766987142541, "stop": 1766987142611}, {"name": "Поиск кнопки входа", "status": "passed", "steps": [{"name": "Ожидаю появления элементов на странице", "status": "passed", "start": 1766987142611, "stop": 1766987142619}], "start": 1766987142611, "stop": 1766987142619}, {"name": "Нажатие кнопки входа", "status": "passed", "start": 1766987142619, "stop": 1766987142669}], "start": 1766987142467, "stop": 1766987142669}], "start": 1766987142467, "stop": 1766987142669}, {"name": "Проверка наличия сообщения об ошибке", "status": "passed", "start": 1766987142669, "stop": 1766987142697}, {"name": "Создаю данные для проверки URL  и проверяю что пользователь с  пустым логином остался на странице авторизации", "status": "passed", "attachments": [{"name": "Успех! Пользователь с пустым логином и актуальным паролем остался на странице авторизации!", "source": "9e3a16b8-666c-4413-8375-c764102bf2a2-attachment.txt", "type": "text/plain"}, {"name": "Скриншот успеха! Пользователь с пустым логином и актуальным паролем остался на странице авторизации!", "source": "a5047849-9259-4f4c-a942-9170bd326379-attachment.png", "type": "image/png"}], "start": 1766987142697, "stop": 1766987142979}], "start": 1766987142407, "stop": 1766987142979}, {"name": "Тестирование пары      /secret_sauce", "status": "passed", "steps": [{"name": "Выполнение авторизации", "status": "passed", "steps": [{"name": "Выполнение авторизации с      /secret_sauce", "status": "passed", "steps": [{"name": "Поиск поля username", "status": "passed", "steps": [{"name": "Ожидаю появления элементов на странице", "status": "passed", "start": 1766987143334, "stop": 1766987143344}], "start": 1766987143334, "stop": 1766987143344}, {"name": "Ввод username:      ", "status": "passed", "start": 1766987143344, "stop": 1766987143409}, {"name": "Поиск поля password", "status": "passed", "steps": [{"name": "Ожидаю появления элементов на странице", "status": "passed", "start": 1766987143409, "stop": 1766987143416}], "start": 1766987143409, "stop": 1766987143416}, {"name": "Ввод password: secret_sauce", "status": "passed", "start": 1766987143416, "stop": 1766987143462}, {"name": "Поиск кнопки входа", "status": "passed", "steps": [{"name": "Ожидаю появления элементов на странице", "status": "passed", "start": 1766987143462, "stop": 1766987143469}], "start": 1766987143462, "stop": 1766987143469}, {"name": "Нажатие кнопки входа", "status": "passed", "start": 1766987143469, "stop": 1766987143521}], "start": 1766987143334, "stop": 1766987143521}], "start": 1766987143334, "stop": 1766987143521}, {"name": "Проверка наличия сообщения об ошибке", "status": "failed", "statusDetails": {"message": "AssertionError: Ошибка при проверке сообщения об ошибке: Неверное сообщение об ошибке.Ожидалось: Epic sadface: Username is required, получено: Epic sadface: Username and password do not match any user in this service\n", "trace": "  File \"C:\\Users\\USER\\PycharmProjects\\PythonProject\\PythonProject6\\tests\\test_4_2.py\", line 137, in test_substitution_variable\n    self.fail(f\"Ошибка при проверке сообщения об ошибке: {str(e)}\")\n  File \"C:\\Users\\USER\\AppData\\Local\\Programs\\Python\\Python310\\lib\\unittest\\case.py\", line 675, in fail\n    raise self.failureException(msg)\n"}, "attachments": [{"name": "Неудачная попытка найти сообщение об ошибке", "source": "acf79454-99b2-4acd-9b5f-f0fe1f4da181-attachment.txt", "type": "text/plain"}], "start": 1766987143521, "stop": 1766987143559}], "attachments": [{"name": "Критическая ошибка в тесте", "source": "13e19da7-0eca-4abc-91d8-33ad4c75c4d0-attachment.txt", "type": "text/plain"}, {"name": "Неудачное тестирование", "source": "15bc61f7-5ae7-433a-8c62-b19647d6848e-attachment.txt", "type": "text/plain"}], "start": 1766987142979, "stop": 1766987143604}, {"name": "Тестирование пары             /secret_sauce", "status": "passed", "steps": [{"name": "Выполнение авторизации", "status": "passed", "steps": [{"name": "Выполнение авторизации с             /secret_sauce", "status": "passed", "steps": [{"name": "Поиск поля username", "status": "passed", "steps": [{"name": "Ожидаю появления элементов на странице", "status": "passed", "start": 1766987143648, "stop": 1766987143654}], "start": 1766987143648, "stop": 1766987143654}, {"name": "Ввод username:             ", "status": "passed", "start": 1766987143654, "stop": 1766987143700}, {"name": "Поиск поля password", "status": "passed", "steps": [{"name": "Ожидаю появления элементов на странице", "status": "passed", "start": 1766987143700, "stop": 1766987143705}], "start": 1766987143700, "stop": 1766987143705}, {"name": "Ввод password: secret_sauce", "status": "passed", "start": 1766987143705, "stop": 1766987143748}, {"name": "Поиск кнопки входа", "status": "passed", "steps": [{"name": "Ожидаю появления элементов на странице", "status": "passed", "start": 1766987143748, "stop": 1766987143753}], "start": 1766987143748, "stop": 1766987143753}, {"name": "Нажатие кнопки входа", "status": "passed", "start": 1766987143753, "stop": 1766987143788}], "start": 1766987143648, "stop": 1766987143788}], "start": 1766987143648, "stop": 1766987143788}, {"name": "Проверка наличия сообщения об ошибке", "status": "failed", "statusDetails": {"message": "AssertionError: Ошибка при проверке сообщения об ошибке: Неверное сообщение об ошибке.Ожидалось: Epic sadface: Username is required, получено: Epic sadface: Username and password do not match any user in this service\n", "trace": "  File \"C:\\Users\\USER\\PycharmProjects\\PythonProject\\PythonProject6\\tests\\test_4_2.py\", line 137, in test_substitution_variable\n    self.fail(f\"Ошибка при проверке сообщения об ошибке: {str(e)}\")\n  File \"C:\\Users\\USER\\AppData\\Local\\Programs\\Python\\Python310\\lib\\unittest\\case.py\", line 675, in fail\n    raise self.failureException(msg)\n"}, "attachments": [{"name": "Неудачная попытка найти сообщение об ошибке", "source": "9d308b79-b98a-443c-85a1-8a88faca1bce-attachment.txt", "type": "text/plain"}], "start": 1766987143788, "stop": 1766987143816}], "attachments": [{"name": "Критическая ошибка в тесте", "source": "b29c5b01-5b43-419d-b88f-7acdcc551f3e-attachment.txt", "type": "text/plain"}, {"name": "Неудачное тестирование", "source": "a2af6cc1-5400-4407-ac70-9a457015cff9-attachment.txt", "type": "text/plain"}], "start": 1766987143604, "stop": 1766987143854}, {"name": "Закрываю страницу после каждого теста", "status": "passed", "start": 1766987143855, "stop": 1766987146013}], "attachments": [{"name": "stdout", "source": "574b036c-11d0-439e-8db7-58d38aa31e22-attachment.txt", "type": "text/plain"}], "start": 1766987139248, "stop": 1766987146013, "uuid": "86f6426a-b4ad-4822-a748-d78e7601f928", "historyId": "4bba1d0374d67e8ce20a9009744bd0aa", "testCaseId": "4bba1d0374d67e8ce20a9009744bd0aa", "fullName": "tests.test_4_2.TestAuthorization#test_substitution_variable", "labels": [{"name": "parentSuite", "value": "tests"}, {"name": "suite", "value": "test_4_2"}, {"name": "subSuite", "value": "TestAuthorization"}, {"name": "host", "value": "AG24091"}, {"name": "thread", "value": "8584-MainThread"}, {"name": "framework", "value": "pytest"}, {"name": "language", "value": "cpython3"}, {"name": "package", "value": "tests.test_4_2"}], "links": [{"type": "tms", "url": "None", "name": "Тест- попытка авторизации с логином содержащим пустые поля и верным паролем"}], "titlePath": ["tests", "test_4_2.py", "TestAuthorization"]}