{"name": "test_substitution_variable", "status": "broken", "statusDetails": {"message": "selenium.common.exceptions.SessionNotCreatedException: Message: session not created: Chrome failed to start: crashed.\n  (session not created: DevToolsActivePort file doesn't exist)\n  (The process started from chrome location C:\\Program Files\\Google\\Chrome\\Application\\chrome.exe is no longer running, so ChromeDriver is assuming that Chrome has crashed.); For documentation on this error, please visit: https://www.selenium.dev/documentation/webdriver/troubleshooting/errors#sessionnotcreatedexception\nStacktrace:\n\tGetHandleVerifier [0x003ED363+60275]\n\tGetHandleVerifier [0x003ED3A4+60340]\n\t(No symbol) [0x002206F3]\n\t(No symbol) [0x0025547E]\n\t(No symbol) [0x0024F509]\n\t(No symbol) [0x00298D78]\n\t(No symbol) [0x0029873A]\n\t(No symbol) [0x0028CE86]\n\t(No symbol) [0x0025C623]\n\t(No symbol) [0x0025D474]\n\tGetHandleVerifier [0x00638FE3+2467827]\n\tGetHandleVerifier [0x006345E6+2448886]\n\tGetHandleVerifier [0x0064F80C+2560028]\n\tGetHandleVerifier [0x00403DF5+153093]\n\tGetHandleVerifier [0x0040A3BD+179149]\n\tGetHandleVerifier [0x003F4BB8+91080]\n\tGetHandleVerifier [0x003F4D60+91504]\n\tGetHandleVerifier [0x003DFA10+4640]\n\tBaseThreadInitThunk [0x762EFCC9+25]\n\tRtlGetAppContainerNamedObjectPath [0x76F882AE+286]\n\tRtlGetAppContainerNamedObjectPath [0x76F8827E+238]", "trace": "self = <test_1_2.TestAuthorizationBasic testMethod=test_substitution_variable>\n\n    @allure.feature('Авторизация: актуальный логин, верный пароль')  # Добавляем описание функциональности\n    @allure.story('Позитивное тестирование')  # Добавляем описание сценария\n    \n    def setUp(self):\n        with allure.step(\"Настройка теста\"):\n>           self.test_setup = TestSetup_A()\n\ntests\\test_1_2.py:17: \n_ _ _ _ _ _ _ _ _ _ _ _ _ _ _ _ _ _ _ _ _ _ _ _ _ _ _ _ _ _ _ _ _ _ _ _ _ _ _ _\nTestSetupAuthoriz.py:37: in __init__\n    self.driver_a = webdriver.Chrome(\n..\\PythonProject3\\.venv\\lib\\site-packages\\selenium\\webdriver\\chrome\\webdriver.py:46: in __init__\n    super().__init__(\n..\\PythonProject3\\.venv\\lib\\site-packages\\selenium\\webdriver\\chromium\\webdriver.py:67: in __init__\n    super().__init__(command_executor=executor, options=options)\n..\\PythonProject3\\.venv\\lib\\site-packages\\selenium\\webdriver\\remote\\webdriver.py:257: in __init__\n    self.start_session(capabilities)\n..\\PythonProject3\\.venv\\lib\\site-packages\\selenium\\webdriver\\remote\\webdriver.py:352: in start_session\n    response = self.execute(Command.NEW_SESSION, caps)[\"value\"]\n..\\PythonProject3\\.venv\\lib\\site-packages\\selenium\\webdriver\\remote\\webdriver.py:432: in execute\n    self.error_handler.check_response(response)\n_ _ _ _ _ _ _ _ _ _ _ _ _ _ _ _ _ _ _ _ _ _ _ _ _ _ _ _ _ _ _ _ _ _ _ _ _ _ _ _\n\nself = <selenium.webdriver.remote.errorhandler.ErrorHandler object at 0x000001747788E290>\nresponse = {'status': 500, 'value': '{\"value\":{\"error\":\"session not created\",\"message\":\"session not created: Chrome failed to sta...\\n\\\\tRtlGetAppContainerNamedObjectPath [0x76F882AE+286]\\\\n\\\\tRtlGetAppContainerNamedObjectPath [0x76F8827E+238]\\\\n\"}}'}\n\n    def check_response(self, response: dict[str, Any]) -> None:\n        \"\"\"Check that a JSON response from the WebDriver does not have an error.\n    \n        Args:\n            response: The JSON response from the WebDriver server as a dictionary\n                object.\n    \n        Raises:\n            WebDriverException: If the response contains an error message.\n        \"\"\"\n        status = response.get(\"status\", None)\n        if not status or status == ErrorCode.SUCCESS:\n            return\n        value = None\n        message = response.get(\"message\", \"\")\n        screen: str = response.get(\"screen\", \"\")\n        stacktrace = None\n        if isinstance(status, int):\n            value_json = response.get(\"value\", None)\n            if value_json and isinstance(value_json, str):\n                try:\n                    value = json.loads(value_json)\n                    if isinstance(value, dict):\n                        if len(value) == 1:\n                            value = value[\"value\"]\n                        status = value.get(\"error\", None)\n                        if not status:\n                            status = value.get(\"status\", ErrorCode.UNKNOWN_ERROR)\n                            message = value.get(\"value\") or value.get(\"message\")\n                            if not isinstance(message, str):\n                                value = message\n                                message = message.get(\"message\") if isinstance(message, dict) else None\n                        else:\n                            message = value.get(\"message\", None)\n                except ValueError:\n                    pass\n    \n        exception_class: type[WebDriverException]\n        e = ErrorCode()\n        error_codes = [item for item in dir(e) if not item.startswith(\"__\")]\n        for error_code in error_codes:\n            error_info = getattr(ErrorCode, error_code)\n            if isinstance(error_info, list) and status in error_info:\n                exception_class = getattr(ExceptionMapping, error_code, WebDriverException)\n                break\n        else:\n            exception_class = WebDriverException\n    \n        if not value:\n            value = response[\"value\"]\n        if isinstance(value, str):\n            raise exception_class(value)\n        if message == \"\" and \"message\" in value:\n            message = value[\"message\"]\n    \n        screen = None  # type: ignore[assignment]\n        if \"screen\" in value:\n            screen = value[\"screen\"]\n    \n        stacktrace = None\n        st_value = value.get(\"stackTrace\") or value.get(\"stacktrace\")\n        if st_value:\n            if isinstance(st_value, str):\n                stacktrace = st_value.split(\"\\n\")\n            else:\n                stacktrace = []\n                try:\n                    for frame in st_value:\n                        line = frame.get(\"lineNumber\", \"\")\n                        file = frame.get(\"fileName\", \"<anonymous>\")\n                        if line:\n                            file = f\"{file}:{line}\"\n                        meth = frame.get(\"methodName\", \"<anonymous>\")\n                        if \"className\" in frame:\n                            meth = f\"{frame['className']}.{meth}\"\n                        msg = \"    at %s (%s)\"\n                        msg = msg % (meth, file)\n                        stacktrace.append(msg)\n                except TypeError:\n                    pass\n        if exception_class == UnexpectedAlertPresentException:\n            alert_text = None\n            if \"data\" in value:\n                alert_text = value[\"data\"].get(\"text\")\n            elif \"alert\" in value:\n                alert_text = value[\"alert\"].get(\"text\")\n            raise exception_class(message, screen, stacktrace, alert_text)  # type: ignore[call-arg]  # mypy is not smart enough here\n>       raise exception_class(message, screen, stacktrace)\nE       selenium.common.exceptions.SessionNotCreatedException: Message: session not created: Chrome failed to start: crashed.\nE         (session not created: DevToolsActivePort file doesn't exist)\nE         (The process started from chrome location C:\\Program Files\\Google\\Chrome\\Application\\chrome.exe is no longer running, so ChromeDriver is assuming that Chrome has crashed.); For documentation on this error, please visit: https://www.selenium.dev/documentation/webdriver/troubleshooting/errors#sessionnotcreatedexception\nE       Stacktrace:\nE       \tGetHandleVerifier [0x003ED363+60275]\nE       \tGetHandleVerifier [0x003ED3A4+60340]\nE       \t(No symbol) [0x002206F3]\nE       \t(No symbol) [0x0025547E]\nE       \t(No symbol) [0x0024F509]\nE       \t(No symbol) [0x00298D78]\nE       \t(No symbol) [0x0029873A]\nE       \t(No symbol) [0x0028CE86]\nE       \t(No symbol) [0x0025C623]\nE       \t(No symbol) [0x0025D474]\nE       \tGetHandleVerifier [0x00638FE3+2467827]\nE       \tGetHandleVerifier [0x006345E6+2448886]\nE       \tGetHandleVerifier [0x0064F80C+2560028]\nE       \tGetHandleVerifier [0x00403DF5+153093]\nE       \tGetHandleVerifier [0x0040A3BD+179149]\nE       \tGetHandleVerifier [0x003F4BB8+91080]\nE       \tGetHandleVerifier [0x003F4D60+91504]\nE       \tGetHandleVerifier [0x003DFA10+4640]\nE       \tBaseThreadInitThunk [0x762EFCC9+25]\nE       \tRtlGetAppContainerNamedObjectPath [0x76F882AE+286]\nE       \tRtlGetAppContainerNamedObjectPath [0x76F8827E+238]\n\n..\\PythonProject3\\.venv\\lib\\site-packages\\selenium\\webdriver\\remote\\errorhandler.py:232: SessionNotCreatedException"}, "steps": [{"name": "Настройка теста", "status": "broken", "statusDetails": {"message": "selenium.common.exceptions.SessionNotCreatedException: Message: session not created: Chrome failed to start: crashed.\n  (session not created: DevToolsActivePort file doesn't exist)\n  (The process started from chrome location C:\\Program Files\\Google\\Chrome\\Application\\chrome.exe is no longer running, so ChromeDriver is assuming that Chrome has crashed.); For documentation on this error, please visit: https://www.selenium.dev/documentation/webdriver/troubleshooting/errors#sessionnotcreatedexception\nStacktrace:\n\tGetHandleVerifier [0x003ED363+60275]\n\tGetHandleVerifier [0x003ED3A4+60340]\n\t(No symbol) [0x002206F3]\n\t(No symbol) [0x0025547E]\n\t(No symbol) [0x0024F509]\n\t(No symbol) [0x00298D78]\n\t(No symbol) [0x0029873A]\n\t(No symbol) [0x0028CE86]\n\t(No symbol) [0x0025C623]\n\t(No symbol) [0x0025D474]\n\tGetHandleVerifier [0x00638FE3+2467827]\n\tGetHandleVerifier [0x006345E6+2448886]\n\tGetHandleVerifier [0x0064F80C+2560028]\n\tGetHandleVerifier [0x00403DF5+153093]\n\tGetHandleVerifier [0x0040A3BD+179149]\n\tGetHandleVerifier [0x003F4BB8+91080]\n\tGetHandleVerifier [0x003F4D60+91504]\n\tGetHandleVerifier [0x003DFA10+4640]\n\tBaseThreadInitThunk [0x762EFCC9+25]\n\tRtlGetAppContainerNamedObjectPath [0x76F882AE+286]\n\tRtlGetAppContainerNamedObjectPath [0x76F8827E+238]\n\n", "trace": "  File \"C:\\Users\\USER\\PycharmProjects\\PythonProject\\PythonProject6\\tests\\test_1_2.py\", line 17, in setUp\n    self.test_setup = TestSetup_A()\n  File \"C:\\Users\\USER\\PycharmProjects\\PythonProject\\PythonProject6\\TestSetupAuthoriz.py\", line 37, in __init__\n    self.driver_a = webdriver.Chrome(\n  File \"C:\\Users\\USER\\PycharmProjects\\PythonProject\\PythonProject3\\.venv\\lib\\site-packages\\selenium\\webdriver\\chrome\\webdriver.py\", line 46, in __init__\n    super().__init__(\n  File \"C:\\Users\\USER\\PycharmProjects\\PythonProject\\PythonProject3\\.venv\\lib\\site-packages\\selenium\\webdriver\\chromium\\webdriver.py\", line 67, in __init__\n    super().__init__(command_executor=executor, options=options)\n  File \"C:\\Users\\USER\\PycharmProjects\\PythonProject\\PythonProject3\\.venv\\lib\\site-packages\\selenium\\webdriver\\remote\\webdriver.py\", line 257, in __init__\n    self.start_session(capabilities)\n  File \"C:\\Users\\USER\\PycharmProjects\\PythonProject\\PythonProject3\\.venv\\lib\\site-packages\\selenium\\webdriver\\remote\\webdriver.py\", line 352, in start_session\n    response = self.execute(Command.NEW_SESSION, caps)[\"value\"]\n  File \"C:\\Users\\USER\\PycharmProjects\\PythonProject\\PythonProject3\\.venv\\lib\\site-packages\\selenium\\webdriver\\remote\\webdriver.py\", line 432, in execute\n    self.error_handler.check_response(response)\n  File \"C:\\Users\\USER\\PycharmProjects\\PythonProject\\PythonProject3\\.venv\\lib\\site-packages\\selenium\\webdriver\\remote\\errorhandler.py\", line 232, in check_response\n    raise exception_class(message, screen, stacktrace)\n"}, "start": 1766979691820, "stop": 1766979700444}], "start": 1766979691820, "stop": 1766979700455, "uuid": "c1ebcdae-b4fb-4adc-9501-31af4e4998ad", "historyId": "ed412ad7150b7cedd1d5387e94a03d66", "testCaseId": "ed412ad7150b7cedd1d5387e94a03d66", "fullName": "tests.test_1_2.TestAuthorizationBasic#test_substitution_variable", "labels": [{"name": "parentSuite", "value": "tests"}, {"name": "suite", "value": "test_1_2"}, {"name": "subSuite", "value": "TestAuthorizationBasic"}, {"name": "host", "value": "AG24091"}, {"name": "thread", "value": "11140-MainThread"}, {"name": "framework", "value": "pytest"}, {"name": "language", "value": "cpython3"}, {"name": "package", "value": "tests.test_1_2"}], "links": [{"type": "tms", "url": "None", "name": "Тест авторизации с актуальной парой логин/пароль"}], "titlePath": ["tests", "test_1_2.py", "TestAuthorizationBasic"]}